<?xml version="1.0" encoding="UTF-8"?>
<!-- Generated by org.testng.reporters.JUnitReportReporter -->
<testsuite hostname="DESKTOP-3CKMDVP" failures="0" tests="4" name="com.runner.TestRunner" time="41.794" errors="0" timestamp="2025-04-07T22:38:11 IST" skipped="0">
  <testcase classname="com.runner.TestRunner" name="runScenario" time="11.959"/>
  <testcase classname="com.runner.TestRunner" name="runScenario" time="8.669"/>
  <testcase classname="com.runner.TestRunner" name="runScenario" time="12.903"/>
  <testcase classname="com.runner.TestRunner" name="runScenario" time="8.263"/>
</testsuite> <!-- com.runner.TestRunner -->
