<?xml version="1.0" encoding="UTF-8"?>
<!-- Generated by org.testng.reporters.JUnitReportReporter -->
<testsuite hostname="DESKTOP-3CKMDVP" failures="0" tests="4" name="com.runner.TestRunner" time="46.351" errors="0" timestamp="2025-04-08T10:11:54 IST" skipped="0">
  <testcase classname="com.runner.TestRunner" name="runScenario" time="12.293"/>
  <testcase classname="com.runner.TestRunner" name="runScenario" time="10.330"/>
  <testcase classname="com.runner.TestRunner" name="runScenario" time="8.637"/>
  <testcase classname="com.runner.TestRunner" name="runScenario" time="15.091"/>
</testsuite> <!-- com.runner.TestRunner -->
